<?xml version="1.0" encoding="UTF-8"?>
<!-- Generated by org.testng.reporters.JUnitReportReporter -->
<testsuite skipped="0" hostname="LAPTOP-ETM95SEJ" name="com.TestingAPITest.TestingCreateAPI" tests="1" failures="0" timestamp="08 Jul 2021 11:44:57 GMT" time="8.206" errors="0">
  <testcase name="getStatus" time="8.206" classname="com.TestingAPITest.TestingCreateAPI"/>
</testsuite> <!-- com.TestingAPITest.TestingCreateAPI -->
