<?xml version="1.0" encoding="UTF-8"?>
<!-- Generated by org.testng.reporters.JUnitReportReporter -->
<testsuite skipped="0" hostname="LAPTOP-02H2H77P" name="com.TestingAPITest.TestingApi" tests="2" failures="0" timestamp="08 Jun 2021 08:00:58 GMT" time="5.748" errors="0">
  <testcase name="pageDetails" time="3.849" classname="com.TestingAPITest.TestingApi"/>
  <testcase name="allResponse" time="1.899" classname="com.TestingAPITest.TestingApi"/>
</testsuite> <!-- com.TestingAPITest.TestingApi -->
